# JRE version: OpenJDK Runtime Environment (11.0.11+9) (build 11.0.11+9-Ubuntu-0ubuntu2.20.04)
# Java VM: OpenJDK 64-Bit Server VM (11.0.11+9-Ubuntu-0ubuntu2.20.04, mixed mode, sharing, tiered, compressed oops, g1 gc, linux-amd64)
Heap:
 garbage-first heap   total 138240K, used 42310K [0x00000000c3c00000, 0x0000000100000000)
  region size 1024K, 3 young (3072K), 0 survivors (0K)
 Metaspace       used 96605K, capacity 98935K, committed 99240K, reserved 1136640K
  class space    used 12054K, capacity 12956K, committed 13056K, reserved 1048576K
GC Heap History (20 events):
Event: 28,808 GC heap before
{Heap before GC invocations=29 (full 0):
 garbage-first heap   total 138240K, used 109181K [0x00000000c3c00000, 0x0000000100000000)
  region size 1024K, 81 young (82944K), 7 survivors (7168K)
 Metaspace       used 64505K, capacity 66216K, committed 66344K, reserved 1105920K
  class space    used 8379K, capacity 9056K, committed 9088K, reserved 1048576K
}
Event: 28,833 GC heap after
{Heap after GC invocations=30 (full 0):
 garbage-first heap   total 138240K, used 35671K [0x00000000c3c00000, 0x0000000100000000)
  region size 1024K, 7 young (7168K), 7 survivors (7168K)
 Metaspace       used 64505K, capacity 66216K, committed 66344K, reserved 1105920K
  class space    used 8379K, capacity 9056K, committed 9088K, reserved 1048576K
}
Event: 30,535 GC heap before
{Heap before GC invocations=30 (full 0):
 garbage-first heap   total 138240K, used 111447K [0x00000000c3c00000, 0x0000000100000000)
  region size 1024K, 81 young (82944K), 7 survivors (7168K)
 Metaspace       used 68466K, capacity 70300K, committed 70568K, reserved 1110016K
  class space    used 8931K, capacity 9655K, committed 9728K, reserved 1048576K
}
Event: 30,566 GC heap after
{Heap after GC invocations=31 (full 0):
 garbage-first heap   total 138240K, used 37919K [0x00000000c3c00000, 0x0000000100000000)
  region size 1024K, 8 young (8192K), 8 survivors (8192K)
 Metaspace       used 68466K, capacity 70300K, committed 70568K, reserved 1110016K
  class space    used 8931K, capacity 9655K, committed 9728K, reserved 1048576K
}
Event: 31,412 GC heap before
{Heap before GC invocations=31 (full 0):
 garbage-first heap   total 138240K, used 113695K [0x00000000c3c00000, 0x0000000100000000)
  region size 1024K, 81 young (82944K), 8 survivors (8192K)
 Metaspace       used 69392K, capacity 71256K, committed 71464K, reserved 1112064K
  class space    used 9016K, capacity 9737K, committed 9856K, reserved 1048576K
}
Event: 31,433 GC heap after
{Heap after GC invocations=32 (full 0):
 garbage-first heap   total 138240K, used 38339K [0x00000000c3c00000, 0x0000000100000000)
  region size 1024K, 5 young (5120K), 5 survivors (5120K)
 Metaspace       used 69392K, capacity 71256K, committed 71464K, reserved 1112064K
  class space    used 9016K, capacity 9737K, committed 9856K, reserved 1048576K
}
Event: 32,057 GC heap before
{Heap before GC invocations=32 (full 0):
 garbage-first heap   total 138240K, used 114115K [0x00000000c3c00000, 0x0000000100000000)
  region size 1024K, 78 young (79872K), 5 survivors (5120K)
 Metaspace       used 69469K, capacity 71323K, committed 71720K, reserved 1112064K
  class space    used 9017K, capacity 9738K, committed 9856K, reserved 1048576K
}
Event: 32,078 GC heap after
{Heap after GC invocations=33 (full 0):
 garbage-first heap   total 138240K, used 41198K [0x00000000c3c00000, 0x0000000100000000)
  region size 1024K, 8 young (8192K), 8 survivors (8192K)
 Metaspace       used 69469K, capacity 71323K, committed 71720K, reserved 1112064K
  class space    used 9017K, capacity 9738K, committed 9856K, reserved 1048576K
}
Event: 33,683 GC heap before
{Heap before GC invocations=33 (full 0):
 garbage-first heap   total 138240K, used 113902K [0x00000000c3c00000, 0x0000000100000000)
  region size 1024K, 78 young (79872K), 8 survivors (8192K)
 Metaspace       used 70716K, capacity 72705K, committed 72872K, reserved 1112064K
  class space    used 9156K, capacity 9920K, committed 9984K, reserved 1048576K
}
Event: 33,706 GC heap after
{Heap after GC invocations=34 (full 0):
 garbage-first heap   total 138240K, used 39734K [0x00000000c3c00000, 0x0000000100000000)
  region size 1024K, 3 young (3072K), 3 survivors (3072K)
 Metaspace       used 70716K, capacity 72705K, committed 72872K, reserved 1112064K
  class space    used 9156K, capacity 9920K, committed 9984K, reserved 1048576K
}
Event: 211,498 GC heap before
{Heap before GC invocations=34 (full 0):
 garbage-first heap   total 138240K, used 112438K [0x00000000c3c00000, 0x0000000100000000)
  region size 1024K, 75 young (76800K), 3 survivors (3072K)
 Metaspace       used 75503K, capacity 77458K, committed 77608K, reserved 1116160K
  class space    used 9727K, capacity 10500K, committed 10624K, reserved 1048576K
}
Event: 211,513 GC heap after
{Heap after GC invocations=35 (full 0):
 garbage-first heap   total 138240K, used 40756K [0x00000000c3c00000, 0x0000000100000000)
  region size 1024K, 4 young (4096K), 4 survivors (4096K)
 Metaspace       used 75503K, capacity 77458K, committed 77608K, reserved 1116160K
  class space    used 9727K, capacity 10500K, committed 10624K, reserved 1048576K
}
Event: 424,891 GC heap before
{Heap before GC invocations=35 (full 0):
 garbage-first heap   total 138240K, used 113460K [0x00000000c3c00000, 0x0000000100000000)
  region size 1024K, 76 young (77824K), 4 survivors (4096K)
 Metaspace       used 79948K, capacity 82037K, committed 82344K, reserved 1120256K
  class space    used 10370K, capacity 11149K, committed 11264K, reserved 1048576K
}
Event: 424,914 GC heap after
{Heap after GC invocations=36 (full 0):
 garbage-first heap   total 138240K, used 42074K [0x00000000c3c00000, 0x0000000100000000)
  region size 1024K, 5 young (5120K), 5 survivors (5120K)
 Metaspace       used 79948K, capacity 82037K, committed 82344K, reserved 1120256K
  class space    used 10370K, capacity 11149K, committed 11264K, reserved 1048576K
}
Event: 427,472 GC heap before
{Heap before GC invocations=36 (full 0):
 garbage-first heap   total 138240K, used 114778K [0x00000000c3c00000, 0x0000000100000000)
  region size 1024K, 77 young (78848K), 5 survivors (5120K)
 Metaspace       used 86177K, capacity 88386K, committed 88616K, reserved 1126400K
  class space    used 10954K, capacity 11812K, committed 11904K, reserved 1048576K
}
Event: 427,515 GC heap after
{Heap after GC invocations=37 (full 0):
 garbage-first heap   total 138240K, used 44959K [0x00000000c3c00000, 0x0000000100000000)
  region size 1024K, 8 young (8192K), 8 survivors (8192K)
 Metaspace       used 86177K, capacity 88386K, committed 88616K, reserved 1126400K
  class space    used 10954K, capacity 11812K, committed 11904K, reserved 1048576K
}
Event: 432,417 GC heap before
{Heap before GC invocations=37 (full 0):
 garbage-first heap   total 138240K, used 113567K [0x00000000c3c00000, 0x0000000100000000)
  region size 1024K, 75 young (76800K), 8 survivors (8192K)
 Metaspace       used 91971K, capacity 94285K, committed 94632K, reserved 1132544K
  class space    used 11545K, capacity 12451K, committed 12544K, reserved 1048576K
}
Event: 432,451 GC heap after
{Heap after GC invocations=38 (full 0):
 garbage-first heap   total 138240K, used 46808K [0x00000000c3c00000, 0x0000000100000000)
  region size 1024K, 7 young (7168K), 7 survivors (7168K)
 Metaspace       used 91971K, capacity 94285K, committed 94632K, reserved 1132544K
  class space    used 11545K, capacity 12451K, committed 12544K, reserved 1048576K
}
Event: 586,421 GC heap before
{Heap before GC invocations=38 (full 0):
 garbage-first heap   total 138240K, used 107224K [0x00000000c3c00000, 0x0000000100000000)
  region size 1024K, 67 young (68608K), 7 survivors (7168K)
 Metaspace       used 96609K, capacity 98941K, committed 99240K, reserved 1136640K
  class space    used 12054K, capacity 12956K, committed 13056K, reserved 1048576K
}
Event: 586,902 GC heap after
{Heap after GC invocations=39 (full 1):
 garbage-first heap   total 138240K, used 40262K [0x00000000c3c00000, 0x0000000100000000)
  region size 1024K, 0 young (0K), 0 survivors (0K)
 Metaspace       used 96601K, capacity 98929K, committed 99240K, reserved 1136640K
  class space    used 12052K, capacity 12954K, committed 13056K, reserved 1048576K
}

