# JRE version: OpenJDK Runtime Environment (11.0.11+9) (build 11.0.11+9-Ubuntu-0ubuntu2.20.04)
# Java VM: OpenJDK 64-Bit Server VM (11.0.11+9-Ubuntu-0ubuntu2.20.04, mixed mode, sharing, tiered, compressed oops, g1 gc, linux-amd64)
Heap:
 garbage-first heap   total 103424K, used 41285K [0x00000000c3c00000, 0x0000000100000000)
  region size 1024K, 10 young (10240K), 5 survivors (5120K)
 Metaspace       used 65937K, capacity 67662K, committed 68124K, reserved 1107968K
  class space    used 8584K, capacity 9257K, committed 9368K, reserved 1048576K
GC Heap History (20 events):
Event: 30,817 GC heap before
{Heap before GC invocations=25 (full 0):
 garbage-first heap   total 103424K, used 78452K [0x00000000c3c00000, 0x0000000100000000)
  region size 1024K, 52 young (53248K), 2 survivors (2048K)
 Metaspace       used 44269K, capacity 45623K, committed 46076K, reserved 1089536K
  class space    used 5636K, capacity 6141K, committed 6220K, reserved 1048576K
}
Event: 30,828 GC heap after
{Heap after GC invocations=26 (full 0):
 garbage-first heap   total 103424K, used 28114K [0x00000000c3c00000, 0x0000000100000000)
  region size 1024K, 3 young (3072K), 3 survivors (3072K)
 Metaspace       used 44269K, capacity 45623K, committed 46076K, reserved 1089536K
  class space    used 5636K, capacity 6141K, committed 6220K, reserved 1048576K
}
Event: 31,959 GC heap before
{Heap before GC invocations=26 (full 0):
 garbage-first heap   total 103424K, used 79314K [0x00000000c3c00000, 0x0000000100000000)
  region size 1024K, 53 young (54272K), 3 survivors (3072K)
 Metaspace       used 47202K, capacity 48474K, committed 48764K, reserved 1091584K
  class space    used 6019K, capacity 6534K, committed 6604K, reserved 1048576K
}
Event: 31,972 GC heap after
{Heap after GC invocations=27 (full 0):
 garbage-first heap   total 103424K, used 29311K [0x00000000c3c00000, 0x0000000100000000)
  region size 1024K, 4 young (4096K), 4 survivors (4096K)
 Metaspace       used 47202K, capacity 48474K, committed 48764K, reserved 1091584K
  class space    used 6019K, capacity 6534K, committed 6604K, reserved 1048576K
}
Event: 32,756 GC heap before
{Heap before GC invocations=27 (full 0):
 garbage-first heap   total 103424K, used 80511K [0x00000000c3c00000, 0x0000000100000000)
  region size 1024K, 54 young (55296K), 4 survivors (4096K)
 Metaspace       used 50209K, capacity 51489K, committed 51964K, reserved 1093632K
  class space    used 6404K, capacity 6942K, committed 6988K, reserved 1048576K
}
Event: 32,771 GC heap after
{Heap after GC invocations=28 (full 0):
 garbage-first heap   total 103424K, used 30449K [0x00000000c3c00000, 0x0000000100000000)
  region size 1024K, 5 young (5120K), 5 survivors (5120K)
 Metaspace       used 50209K, capacity 51489K, committed 51964K, reserved 1093632K
  class space    used 6404K, capacity 6942K, committed 6988K, reserved 1048576K
}
Event: 33,642 GC heap before
{Heap before GC invocations=28 (full 0):
 garbage-first heap   total 103424K, used 81649K [0x00000000c3c00000, 0x0000000100000000)
  region size 1024K, 55 young (56320K), 5 survivors (5120K)
 Metaspace       used 53811K, capacity 55137K, committed 55676K, reserved 1097728K
  class space    used 6991K, capacity 7512K, committed 7628K, reserved 1048576K
}
Event: 33,657 GC heap after
{Heap after GC invocations=29 (full 0):
 garbage-first heap   total 103424K, used 30999K [0x00000000c3c00000, 0x0000000100000000)
  region size 1024K, 4 young (4096K), 4 survivors (4096K)
 Metaspace       used 53811K, capacity 55137K, committed 55676K, reserved 1097728K
  class space    used 6991K, capacity 7512K, committed 7628K, reserved 1048576K
}
Event: 37,180 GC heap before
{Heap before GC invocations=29 (full 0):
 garbage-first heap   total 103424K, used 83223K [0x00000000c3c00000, 0x0000000100000000)
  region size 1024K, 55 young (56320K), 4 survivors (4096K)
 Metaspace       used 56811K, capacity 58172K, committed 58620K, reserved 1099776K
  class space    used 7364K, capacity 7905K, committed 8012K, reserved 1048576K
}
Event: 37,197 GC heap after
{Heap after GC invocations=30 (full 0):
 garbage-first heap   total 103424K, used 32089K [0x00000000c3c00000, 0x0000000100000000)
  region size 1024K, 5 young (5120K), 5 survivors (5120K)
 Metaspace       used 56811K, capacity 58172K, committed 58620K, reserved 1099776K
  class space    used 7364K, capacity 7905K, committed 8012K, reserved 1048576K
}
Event: 37,863 GC heap before
{Heap before GC invocations=30 (full 0):
 garbage-first heap   total 103424K, used 64857K [0x00000000c3c00000, 0x0000000100000000)
  region size 1024K, 38 young (38912K), 5 survivors (5120K)
 Metaspace       used 58758K, capacity 60291K, committed 60368K, reserved 1101824K
  class space    used 7649K, capacity 8247K, committed 8268K, reserved 1048576K
}
Event: 37,881 GC heap after
{Heap after GC invocations=31 (full 0):
 garbage-first heap   total 103424K, used 32793K [0x00000000c3c00000, 0x0000000100000000)
  region size 1024K, 4 young (4096K), 4 survivors (4096K)
 Metaspace       used 58758K, capacity 60291K, committed 60368K, reserved 1101824K
  class space    used 7649K, capacity 8247K, committed 8268K, reserved 1048576K
}
Event: 39,393 GC heap before
{Heap before GC invocations=32 (full 0):
 garbage-first heap   total 103424K, used 77849K [0x00000000c3c00000, 0x0000000100000000)
  region size 1024K, 48 young (49152K), 4 survivors (4096K)
 Metaspace       used 60890K, capacity 62524K, committed 62876K, reserved 1103872K
  class space    used 7924K, capacity 8603K, committed 8728K, reserved 1048576K
}
Event: 39,409 GC heap after
{Heap after GC invocations=33 (full 0):
 garbage-first heap   total 103424K, used 34187K [0x00000000c3c00000, 0x0000000100000000)
  region size 1024K, 4 young (4096K), 4 survivors (4096K)
 Metaspace       used 60890K, capacity 62524K, committed 62876K, reserved 1103872K
  class space    used 7924K, capacity 8603K, committed 8728K, reserved 1048576K
}
Event: 40,144 GC heap before
{Heap before GC invocations=33 (full 0):
 garbage-first heap   total 103424K, used 79243K [0x00000000c3c00000, 0x0000000100000000)
  region size 1024K, 48 young (49152K), 4 survivors (4096K)
 Metaspace       used 62082K, capacity 63779K, committed 64028K, reserved 1103872K
  class space    used 8060K, capacity 8715K, committed 8856K, reserved 1048576K
}
Event: 40,167 GC heap after
{Heap after GC invocations=34 (full 0):
 garbage-first heap   total 103424K, used 35233K [0x00000000c3c00000, 0x0000000100000000)
  region size 1024K, 4 young (4096K), 4 survivors (4096K)
 Metaspace       used 62082K, capacity 63779K, committed 64028K, reserved 1103872K
  class space    used 8060K, capacity 8715K, committed 8856K, reserved 1048576K
}
Event: 41,437 GC heap before
{Heap before GC invocations=34 (full 0):
 garbage-first heap   total 103424K, used 80289K [0x00000000c3c00000, 0x0000000100000000)
  region size 1024K, 48 young (49152K), 4 survivors (4096K)
 Metaspace       used 64096K, capacity 65827K, committed 66076K, reserved 1105920K
  class space    used 8333K, capacity 8992K, committed 9112K, reserved 1048576K
}
Event: 41,456 GC heap after
{Heap after GC invocations=35 (full 0):
 garbage-first heap   total 103424K, used 36070K [0x00000000c3c00000, 0x0000000100000000)
  region size 1024K, 4 young (4096K), 4 survivors (4096K)
 Metaspace       used 64096K, capacity 65827K, committed 66076K, reserved 1105920K
  class space    used 8333K, capacity 8992K, committed 9112K, reserved 1048576K
}
Event: 1825,435 GC heap before
{Heap before GC invocations=35 (full 0):
 garbage-first heap   total 103424K, used 82150K [0x00000000c3c00000, 0x0000000100000000)
  region size 1024K, 49 young (50176K), 4 survivors (4096K)
 Metaspace       used 65912K, capacity 67662K, committed 68124K, reserved 1107968K
  class space    used 8584K, capacity 9257K, committed 9368K, reserved 1048576K
}
Event: 1825,450 GC heap after
{Heap after GC invocations=36 (full 0):
 garbage-first heap   total 103424K, used 37189K [0x00000000c3c00000, 0x0000000100000000)
  region size 1024K, 5 young (5120K), 5 survivors (5120K)
 Metaspace       used 65912K, capacity 67662K, committed 68124K, reserved 1107968K
  class space    used 8584K, capacity 9257K, committed 9368K, reserved 1048576K
}

